INFO: [VRFC 10-2263] Analyzing SystemVerilog file "C:/Users/neil/385projects/Digital-Systems-Final-Project/lab6/lab6.srcs/sources_1/new/angtovecs.sv" into library xil_defaultlib
INFO: [VRFC 10-311] analyzing module angtovecs
INFO: [VRFC 10-2263] Analyzing SystemVerilog file "C:/Users/neil/385projects/Digital-Systems-Final-Project/lab6/lab6.srcs/sources_1/new/cos_rom.sv" into library xil_defaultlib
INFO: [VRFC 10-311] analyzing module cos_rom
INFO: [VRFC 10-2263] Analyzing SystemVerilog file "C:/Users/neil/385projects/Digital-Systems-Final-Project/lab6/lab6.srcs/sources_1/new/cos_rom_inv.sv" into library xil_defaultlib
INFO: [VRFC 10-311] analyzing module cos_rom_inv
INFO: [VRFC 10-2263] Analyzing SystemVerilog file "C:/Users/neil/385projects/Digital-Systems-Final-Project/lab6/lab6.srcs/sources_1/new/cos_sin_inv_rom.sv" into library xil_defaultlib
INFO: [VRFC 10-311] analyzing module cos_sin_inv_rom
INFO: [VRFC 10-2263] Analyzing SystemVerilog file "C:/Users/neil/385projects/Digital-Systems-Final-Project/lab6/lab6.srcs/sources_1/new/cos_sin_rom.sv" into library xil_defaultlib
INFO: [VRFC 10-311] analyzing module cos_sin_rom
INFO: [VRFC 10-2263] Analyzing SystemVerilog file "C:/Users/neil/385projects/Digital-Systems-Final-Project/lab6/lab6.srcs/sources_1/new/inv2_rom.sv" into library xil_defaultlib
INFO: [VRFC 10-311] analyzing module inv2_rom
INFO: [VRFC 10-2263] Analyzing SystemVerilog file "C:/Users/neil/385projects/Digital-Systems-Final-Project/lab6/lab6.srcs/sources_1/new/inv_rom.sv" into library xil_defaultlib
INFO: [VRFC 10-311] analyzing module inv_rom
INFO: [VRFC 10-2263] Analyzing SystemVerilog file "C:/Users/neil/385projects/Digital-Systems-Final-Project/lab6/lab6.srcs/sources_1/new/lerp.sv" into library xil_defaultlib
INFO: [VRFC 10-311] analyzing module lerp
INFO: [VRFC 10-2263] Analyzing SystemVerilog file "C:/Users/neil/385projects/Digital-Systems-Final-Project/lab6/lab6.srcs/sources_1/new/ray.sv" into library xil_defaultlib
INFO: [VRFC 10-311] analyzing module ray
INFO: [VRFC 10-2263] Analyzing SystemVerilog file "C:/Users/neil/385projects/Digital-Systems-Final-Project/lab6/lab6.srcs/sources_1/new/ray_caster.sv" into library xil_defaultlib
INFO: [VRFC 10-311] analyzing module ray_caster
INFO: [VRFC 10-2263] Analyzing SystemVerilog file "C:/Users/neil/385projects/Digital-Systems-Final-Project/lab6/lab6.srcs/sources_1/new/walls.sv" into library xil_defaultlib
INFO: [VRFC 10-311] analyzing module walls
INFO: [VRFC 10-2263] Analyzing SystemVerilog file "C:/Users/neil/385projects/Digital-Systems-Final-Project/lab6/lab6.srcs/sim_1/new/testbench.sv" into library xil_defaultlib
INFO: [VRFC 10-311] analyzing module testbench
