#-----------------------------------------------------------
# Vivado v2022.2 (64-bit)
# SW Build 3671981 on Fri Oct 14 05:00:03 MDT 2022
# IP Build 3669848 on Fri Oct 14 08:30:02 MDT 2022
# Start of session at: Thu May  2 23:02:23 2024
# Process ID: 19580
# Current directory: C:/Users/tamed/OneDrive/Desktop/UIUC Spring 2024/ECE385/Digital-Systems-Final-Project/lab6
# Command line: vivado.exe -gui_launcher_event rodinguilauncherevent17752 C:\Users\tamed\OneDrive\Desktop\UIUC Spring 2024\ECE385\Digital-Systems-Final-Project\lab6\lab6.xpr
# Log file: C:/Users/tamed/OneDrive/Desktop/UIUC Spring 2024/ECE385/Digital-Systems-Final-Project/lab6/vivado.log
# Journal file: C:/Users/tamed/OneDrive/Desktop/UIUC Spring 2024/ECE385/Digital-Systems-Final-Project/lab6\vivado.jou
# Running On: DESKTOP-HL0SD2E, OS: Windows, CPU Frequency: 2808 MHz, CPU Physical cores: 6, Host memory: 17089 MB
#-----------------------------------------------------------
start_gui
open_project {C:/Users/tamed/OneDrive/Desktop/UIUC Spring 2024/ECE385/Digital-Systems-Final-Project/lab6/lab6.xpr}
INFO: [ProjectBase 1-489] The host OS only allows 260 characters in a normal path. The project is stored in a path with more than 80 characters. If you experience issues with IP, Block Designs, or files not being found, please consider moving the project to a location with a shorter path. Alternately consider using the OS subst command to map part of the path to a drive letter.
Current project path is 'C:/Users/tamed/OneDrive/Desktop/UIUC Spring 2024/ECE385/Digital-Systems-Final-Project/lab6'
WARNING: [Board 49-26] cannot add Board Part xilinx.com:vek280_es:part0:1.0 available at W:/Xilinx/Vivado/2022.2/data/xhub/boards/XilinxBoardStore/boards/Xilinx/vek280/es/1.0/board.xml as part xcve2802-vsvh1760-2lp-e-s-es1 specified in board_part file is either invalid or not available
WARNING: [Board 49-26] cannot add Board Part xilinx.com:vhk158_es:part0:1.0 available at W:/Xilinx/Vivado/2022.2/data/xhub/boards/XilinxBoardStore/boards/Xilinx/vhk158/es/1.0/board.xml as part xcvh1582-vsva3697-2mp-e-s-es1 specified in board_part file is either invalid or not available
WARNING: [Board 49-26] cannot add Board Part xilinx.com:vpk120_es:part0:1.2 available at W:/Xilinx/Vivado/2022.2/data/xhub/boards/XilinxBoardStore/boards/Xilinx/vpk120/es/1.2/board.xml as part xcvp1202-vsva2785-2mp-e-s-es1 specified in board_part file is either invalid or not available
WARNING: [Board 49-26] cannot add Board Part xilinx.com:vpk120_es_revb:part0:1.0 available at W:/Xilinx/Vivado/2022.2/data/xhub/boards/XilinxBoardStore/boards/Xilinx/vpk120_revb/es/1.0/board.xml as part xcvp1202-vsva2785-2mp-e-s-es1 specified in board_part file is either invalid or not available
WARNING: [Board 49-26] cannot add Board Part xilinx.com:vpk180_es:part0:1.0 available at W:/Xilinx/Vivado/2022.2/data/xhub/boards/XilinxBoardStore/boards/Xilinx/vpk180/es/1.0/board.xml as part xcvp1802-lsvc4072-2mp-e-s-es1 specified in board_part file is either invalid or not available
WARNING: [Board 49-26] cannot add Board Part xilinx.com:zcu208ld:part0:2.0 available at W:/Xilinx/Vivado/2022.2/data/xhub/boards/XilinxBoardStore/boards/Xilinx/zcu208ld/production/2.0/board.xml as part xczu58dr-fsvg1517-2-i specified in board_part file is either invalid or not available
WARNING: [Board 49-26] cannot add Board Part xilinx.com:zcu216ld:part0:2.0 available at W:/Xilinx/Vivado/2022.2/data/xhub/boards/XilinxBoardStore/boards/Xilinx/zcu216ld/production/2.0/board.xml as part xczu59dr-ffvf1760-2-i specified in board_part file is either invalid or not available
WARNING: [Board 49-26] cannot add Board Part xilinx.com:zcu670:part0:2.0 available at W:/Xilinx/Vivado/2022.2/data/xhub/boards/XilinxBoardStore/boards/Xilinx/zcu670/2.0/board.xml as part xczu67dr-fsve1156-2-i specified in board_part file is either invalid or not available
WARNING: [Board 49-26] cannot add Board Part xilinx.com:zcu670ld:part0:1.0 available at W:/Xilinx/Vivado/2022.2/data/xhub/boards/XilinxBoardStore/boards/Xilinx/zcu670ld/1.0/board.xml as part xczu57dr-fsve1156-2-i specified in board_part file is either invalid or not available
Scanning sources...
Finished scanning sources
INFO: [IP_Flow 19-234] Refreshing IP repositories
INFO: [IP_Flow 19-1700] Loaded user IP repository 'c:/Users/tamed/OneDrive/Desktop/UIUC Spring 2024/ECE385/Digital-Systems-Final-Project/lab6_2_provided/hdmi_tx_1.0'.
INFO: [IP_Flow 19-2313] Loaded Vivado IP repository 'W:/Xilinx/Vivado/2022.2/data/ip'.
open_project: Time (s): cpu = 00:00:29 ; elapsed = 00:00:17 . Memory (MB): peak = 1812.953 ; gain = 402.641
update_compile_order -fileset sources_1
reset_run synth_1
INFO: [Project 1-1161] Replacing file C:/Users/tamed/OneDrive/Desktop/UIUC Spring 2024/ECE385/Digital-Systems-Final-Project/lab6/lab6.srcs/utils_1/imports/synth_1/mb_intro_top.dcp with file C:/Users/tamed/OneDrive/Desktop/UIUC Spring 2024/ECE385/Digital-Systems-Final-Project/lab6/lab6.runs/synth_1/mb_usb_hdmi_top.dcp
launch_runs impl_1 -to_step write_bitstream -jobs 3
[Thu May  2 23:04:47 2024] Launched synth_1...
Run output will be captured here: C:/Users/tamed/OneDrive/Desktop/UIUC Spring 2024/ECE385/Digital-Systems-Final-Project/lab6/lab6.runs/synth_1/runme.log
[Thu May  2 23:04:48 2024] Launched impl_1...
Run output will be captured here: C:/Users/tamed/OneDrive/Desktop/UIUC Spring 2024/ECE385/Digital-Systems-Final-Project/lab6/lab6.runs/impl_1/runme.log
open_hw_manager
connect_hw_server -allow_non_jtag
INFO: [Labtools 27-2285] Connecting to hw_server url TCP:localhost:3121
INFO: [Labtools 27-2222] Launching hw_server...
INFO: [Labtools 27-2221] Launch Output:

****** Xilinx hw_server v2022.2
  **** Build date : Oct 14 2022 at 05:18:10
    ** Copyright 1986-2022 Xilinx, Inc. All Rights Reserved.


INFO: [Labtools 27-3415] Connecting to cs_server url TCP:localhost:0
INFO: [Labtools 27-3417] Launching cs_server...
INFO: [Labtools 27-2221] Launch Output:


******** Xilinx cs_server v2022.2.0
  ****** Build date   : Oct 04 2022-18:25:37
    **** Build number : 2022.2.1664925937
      ** Copyright 2017-2024 Xilinx, Inc. All Rights Reserved.



connect_hw_server: Time (s): cpu = 00:00:01 ; elapsed = 00:00:07 . Memory (MB): peak = 1864.078 ; gain = 7.977
open_hw_target
INFO: [Labtoolstcl 44-466] Opening hw_target localhost:3121/xilinx_tcf/Xilinx/8874292301F8A
open_hw_target: Time (s): cpu = 00:00:07 ; elapsed = 00:00:07 . Memory (MB): peak = 4019.254 ; gain = 2155.176
set_property PROGRAM.FILE {C:/Users/tamed/OneDrive/Desktop/UIUC Spring 2024/ECE385/Digital-Systems-Final-Project/lab6/lab6.runs/impl_1/mb_usb_hdmi_top.bit} [get_hw_devices xc7s50_0]
current_hw_device [get_hw_devices xc7s50_0]
refresh_hw_device -update_hw_probes false [lindex [get_hw_devices xc7s50_0] 0]
INFO: [Labtools 27-1435] Device xc7s50 (JTAG device index = 0) is not programmed (DONE status = 0).
set_property PROBES.FILE {} [get_hw_devices xc7s50_0]
set_property FULL_PROBES.FILE {} [get_hw_devices xc7s50_0]
set_property PROGRAM.FILE {C:/Users/tamed/OneDrive/Desktop/UIUC Spring 2024/ECE385/Digital-Systems-Final-Project/lab6/lab6.runs/impl_1/mb_usb_hdmi_top.bit} [get_hw_devices xc7s50_0]
program_hw_devices [get_hw_devices xc7s50_0]
INFO: [Labtools 27-3164] End of startup status: HIGH
refresh_hw_device [lindex [get_hw_devices xc7s50_0] 0]
INFO: [Labtools 27-1434] Device xc7s50 (JTAG device index = 0) is programmed with a design that has no supported debug core(s) in it.
ERROR: [Labtoolstcl 44-513] HW Target shutdown. Closing target: localhost:3121/xilinx_tcf/Xilinx/8874292301F8A
close_hw_manager
reset_run synth_1
INFO: [Project 1-1161] Replacing file C:/Users/tamed/OneDrive/Desktop/UIUC Spring 2024/ECE385/Digital-Systems-Final-Project/lab6/lab6.srcs/utils_1/imports/synth_1/mb_intro_top.dcp with file C:/Users/tamed/OneDrive/Desktop/UIUC Spring 2024/ECE385/Digital-Systems-Final-Project/lab6/lab6.runs/synth_1/mb_usb_hdmi_top.dcp
launch_runs impl_1 -to_step write_bitstream -jobs 3
[Thu May  2 23:23:14 2024] Launched synth_1...
Run output will be captured here: C:/Users/tamed/OneDrive/Desktop/UIUC Spring 2024/ECE385/Digital-Systems-Final-Project/lab6/lab6.runs/synth_1/runme.log
[Thu May  2 23:23:14 2024] Launched impl_1...
Run output will be captured here: C:/Users/tamed/OneDrive/Desktop/UIUC Spring 2024/ECE385/Digital-Systems-Final-Project/lab6/lab6.runs/impl_1/runme.log
reset_run synth_1
WARNING: [Vivado 12-1017] Problems encountered:
1. Failed to delete one or more files in run directory C:/Users/tamed/OneDrive/Desktop/UIUC Spring 2024/ECE385/Digital-Systems-Final-Project/lab6/lab6.runs/synth_1

launch_runs impl_1 -to_step write_bitstream -jobs 3
[Thu May  2 23:24:55 2024] Launched synth_1...
Run output will be captured here: C:/Users/tamed/OneDrive/Desktop/UIUC Spring 2024/ECE385/Digital-Systems-Final-Project/lab6/lab6.runs/synth_1/runme.log
[Thu May  2 23:24:55 2024] Launched impl_1...
Run output will be captured here: C:/Users/tamed/OneDrive/Desktop/UIUC Spring 2024/ECE385/Digital-Systems-Final-Project/lab6/lab6.runs/impl_1/runme.log
open_hw_manager
connect_hw_server -allow_non_jtag
INFO: [Labtools 27-2285] Connecting to hw_server url TCP:localhost:3121
INFO: [Labtools 27-2222] Launching hw_server...
INFO: [Labtools 27-2221] Launch Output:

****** Xilinx hw_server v2022.2
  **** Build date : Oct 14 2022 at 05:18:10
    ** Copyright 1986-2022 Xilinx, Inc. All Rights Reserved.


INFO: [Labtools 27-3415] Connecting to cs_server url TCP:localhost:0
INFO: [Labtools 27-3417] Launching cs_server...
INFO: [Labtools 27-2221] Launch Output:


******** Xilinx cs_server v2022.2.0
  ****** Build date   : Oct 04 2022-18:25:37
    **** Build number : 2022.2.1664925937
      ** Copyright 2017-2024 Xilinx, Inc. All Rights Reserved.



connect_hw_server: Time (s): cpu = 00:00:01 ; elapsed = 00:00:06 . Memory (MB): peak = 4070.395 ; gain = 0.000
open_hw_target
INFO: [Labtoolstcl 44-466] Opening hw_target localhost:3121/xilinx_tcf/Xilinx/8874292301F8A
set_property PROGRAM.FILE {C:/Users/tamed/OneDrive/Desktop/UIUC Spring 2024/ECE385/Digital-Systems-Final-Project/lab6/lab6.runs/impl_1/mb_usb_hdmi_top.bit} [get_hw_devices xc7s50_0]
current_hw_device [get_hw_devices xc7s50_0]
refresh_hw_device -update_hw_probes false [lindex [get_hw_devices xc7s50_0] 0]
INFO: [Labtools 27-1435] Device xc7s50 (JTAG device index = 0) is not programmed (DONE status = 0).
set_property PROBES.FILE {} [get_hw_devices xc7s50_0]
set_property FULL_PROBES.FILE {} [get_hw_devices xc7s50_0]
set_property PROGRAM.FILE {C:/Users/tamed/OneDrive/Desktop/UIUC Spring 2024/ECE385/Digital-Systems-Final-Project/lab6/lab6.runs/impl_1/mb_usb_hdmi_top.bit} [get_hw_devices xc7s50_0]
program_hw_devices [get_hw_devices xc7s50_0]
INFO: [Labtools 27-3164] End of startup status: HIGH
refresh_hw_device [lindex [get_hw_devices xc7s50_0] 0]
INFO: [Labtools 27-1434] Device xc7s50 (JTAG device index = 0) is programmed with a design that has no supported debug core(s) in it.
ERROR: [Labtoolstcl 44-513] HW Target shutdown. Closing target: localhost:3121/xilinx_tcf/Xilinx/8874292301F8A
close_hw_manager
reset_run synth_1
INFO: [Project 1-1161] Replacing file C:/Users/tamed/OneDrive/Desktop/UIUC Spring 2024/ECE385/Digital-Systems-Final-Project/lab6/lab6.srcs/utils_1/imports/synth_1/mb_intro_top.dcp with file C:/Users/tamed/OneDrive/Desktop/UIUC Spring 2024/ECE385/Digital-Systems-Final-Project/lab6/lab6.runs/synth_1/mb_usb_hdmi_top.dcp
launch_runs synth_1 -jobs 3
CRITICAL WARNING: [HDL 9-1206] Syntax error near 'shotgun_2' [C:/Users/tamed/OneDrive/Desktop/UIUC Spring 2024/ECE385/Digital-Systems-Final-Project/lab6/lab6.srcs/sources_1/new/sprites.sv:72]
CRITICAL WARNING: [HDL 9-1206] Syntax error near 'shotgun_3_r' [C:/Users/tamed/OneDrive/Desktop/UIUC Spring 2024/ECE385/Digital-Systems-Final-Project/lab6/lab6.srcs/sources_1/new/sprites.sv:75]
CRITICAL WARNING: [HDL 9-1206] Syntax error near '}' [C:/Users/tamed/OneDrive/Desktop/UIUC Spring 2024/ECE385/Digital-Systems-Final-Project/lab6/lab6.srcs/sources_1/new/sprites.sv:77]
[Fri May  3 00:17:17 2024] Launched synth_1...
Run output will be captured here: C:/Users/tamed/OneDrive/Desktop/UIUC Spring 2024/ECE385/Digital-Systems-Final-Project/lab6/lab6.runs/synth_1/runme.log
reset_run synth_1
launch_runs synth_1 -jobs 3
[Fri May  3 00:19:14 2024] Launched synth_1...
Run output will be captured here: C:/Users/tamed/OneDrive/Desktop/UIUC Spring 2024/ECE385/Digital-Systems-Final-Project/lab6/lab6.runs/synth_1/runme.log
launch_runs impl_1 -jobs 3
[Fri May  3 00:23:17 2024] Launched impl_1...
Run output will be captured here: C:/Users/tamed/OneDrive/Desktop/UIUC Spring 2024/ECE385/Digital-Systems-Final-Project/lab6/lab6.runs/impl_1/runme.log
launch_runs impl_1 -to_step write_bitstream -jobs 3
[Fri May  3 00:36:53 2024] Launched impl_1...
Run output will be captured here: C:/Users/tamed/OneDrive/Desktop/UIUC Spring 2024/ECE385/Digital-Systems-Final-Project/lab6/lab6.runs/impl_1/runme.log
open_hw_manager
connect_hw_server -allow_non_jtag
INFO: [Labtools 27-2285] Connecting to hw_server url TCP:localhost:3121
INFO: [Labtools 27-2222] Launching hw_server...
INFO: [Labtools 27-2221] Launch Output:

****** Xilinx hw_server v2022.2
  **** Build date : Oct 14 2022 at 05:18:10
    ** Copyright 1986-2022 Xilinx, Inc. All Rights Reserved.


INFO: [Labtools 27-3415] Connecting to cs_server url TCP:localhost:0
INFO: [Labtools 27-3417] Launching cs_server...
INFO: [Labtools 27-2221] Launch Output:


******** Xilinx cs_server v2022.2.0
  ****** Build date   : Oct 04 2022-18:25:37
    **** Build number : 2022.2.1664925937
      ** Copyright 2017-2024 Xilinx, Inc. All Rights Reserved.



connect_hw_server: Time (s): cpu = 00:00:01 ; elapsed = 00:00:06 . Memory (MB): peak = 4308.965 ; gain = 0.000
disconnect_hw_server localhost:3121
connect_hw_server -allow_non_jtag
INFO: [Labtools 27-2285] Connecting to hw_server url TCP:localhost:3121
INFO: [Labtools 27-3415] Connecting to cs_server url TCP:localhost:0
INFO: [Labtools 27-3417] Launching cs_server...
INFO: [Labtools 27-2221] Launch Output:


******** Xilinx cs_server v2022.2.0
  ****** Build date   : Oct 04 2022-18:25:37
    **** Build number : 2022.2.1664925937
      ** Copyright 2017-2024 Xilinx, Inc. All Rights Reserved.



open_hw_target
INFO: [Labtoolstcl 44-466] Opening hw_target localhost:3121/xilinx_tcf/Xilinx/8874292301F8A
set_property PROGRAM.FILE {C:/Users/tamed/OneDrive/Desktop/UIUC Spring 2024/ECE385/Digital-Systems-Final-Project/lab6/lab6.runs/impl_1/mb_usb_hdmi_top.bit} [get_hw_devices xc7s50_0]
current_hw_device [get_hw_devices xc7s50_0]
refresh_hw_device -update_hw_probes false [lindex [get_hw_devices xc7s50_0] 0]
INFO: [Labtools 27-1435] Device xc7s50 (JTAG device index = 0) is not programmed (DONE status = 0).
set_property PROBES.FILE {} [get_hw_devices xc7s50_0]
set_property FULL_PROBES.FILE {} [get_hw_devices xc7s50_0]
set_property PROGRAM.FILE {C:/Users/tamed/OneDrive/Desktop/UIUC Spring 2024/ECE385/Digital-Systems-Final-Project/lab6/lab6.runs/impl_1/mb_usb_hdmi_top.bit} [get_hw_devices xc7s50_0]
program_hw_devices [get_hw_devices xc7s50_0]
INFO: [Labtools 27-3164] End of startup status: HIGH
refresh_hw_device [lindex [get_hw_devices xc7s50_0] 0]
INFO: [Labtools 27-1434] Device xc7s50 (JTAG device index = 0) is programmed with a design that has no supported debug core(s) in it.
